<?xml version="1.0" encoding="UTF-8"?>
<!-- Generated by org.testng.reporters.JUnitReportReporter -->
<testsuite skipped="0" hostname="IGSA937002-PC" name="CukeRunner.cukeRunner" tests="1" failures="0" timestamp="2021-07-28T00:06:34 AEST" time="9.481" errors="0">
  <testcase name="runScenario" time="9.481" classname="CukeRunner.cukeRunner"/>
  <system-out/>
</testsuite> <!-- CukeRunner.cukeRunner -->
