<?xml version="1.0" encoding="UTF-8"?>
<!-- Generated by org.testng.reporters.JUnitReportReporter -->
<testsuite skipped="0" hostname="IGSA937002-PC" name="CukeRunner.cukeRunner" tests="1" failures="0" timestamp="2021-07-28T12:37:57 AEST" time="8.941" errors="0">
  <testcase name="runScenario" time="8.941" classname="CukeRunner.cukeRunner"/>
  <system-out/>
</testsuite> <!-- CukeRunner.cukeRunner -->
